# JRE version: OpenJDK Runtime Environment Temurin-21.0.5+11 (21.0.5+11) (build 21.0.5+11-LTS)
# Java VM: OpenJDK 64-Bit Server VM Temurin-21.0.5+11 (21.0.5+11-LTS, mixed mode, emulated-client, sharing, tiered, compressed oops, compressed class ptrs, g1 gc, windows-amd64)
GC Precious Log:
 CardTable entry size: 512
 Card Set container configuration: InlinePtr #cards 5 size 8 Array Of Cards #cards 12 size 40 Howl #buckets 4 coarsen threshold 1843 Howl Bitmap #cards 512 size 80 coarsen threshold 460 Card regions per heap region 1 cards per card region 2048
 CPUs: 12 total, 12 available
 Memory: 7876M
 Large Page Support: Disabled
 NUMA Support: Disabled
 Compressed Oops: Enabled (32-bit)
 Heap Region Size: 1M
 Heap Min Capacity: 8M
 Heap Initial Capacity: 124M
 Heap Max Capacity: 1G
 Pre-touch: Disabled
 Parallel Workers: 10
 Concurrent Workers: 3
 Concurrent Refinement Workers: 10
 Periodic GC: Disabled
Heap:
 garbage-first heap   total 126976K, used 43249K [0x00000000c0000000, 0x0000000100000000)
  region size 1024K, 1 young (1024K), 0 survivors (0K)
 Metaspace       used 56367K, committed 57280K, reserved 1114112K
  class space    used 6972K, committed 7360K, reserved 1048576K
GC Heap History (20 events):
Event: 8496.297 GC heap after
{Heap after GC invocations=566 (full 528):
 garbage-first heap   total 126976K, used 43249K [0x00000000c0000000, 0x0000000100000000)
  region size 1024K, 0 young (0K), 0 survivors (0K)
 Metaspace       used 56367K, committed 57280K, reserved 1114112K
  class space    used 6972K, committed 7360K, reserved 1048576K
}
Event: 8506.641 GC heap before
{Heap before GC invocations=566 (full 528):
 garbage-first heap   total 126976K, used 43249K [0x00000000c0000000, 0x0000000100000000)
  region size 1024K, 1 young (1024K), 0 survivors (0K)
 Metaspace       used 56367K, committed 57280K, reserved 1114112K
  class space    used 6972K, committed 7360K, reserved 1048576K
}
Event: 8506.728 GC heap after
{Heap after GC invocations=567 (full 529):
 garbage-first heap   total 126976K, used 43249K [0x00000000c0000000, 0x0000000100000000)
  region size 1024K, 0 young (0K), 0 survivors (0K)
 Metaspace       used 56367K, committed 57280K, reserved 1114112K
  class space    used 6972K, committed 7360K, reserved 1048576K
}
Event: 8517.184 GC heap before
{Heap before GC invocations=567 (full 529):
 garbage-first heap   total 126976K, used 43249K [0x00000000c0000000, 0x0000000100000000)
  region size 1024K, 1 young (1024K), 0 survivors (0K)
 Metaspace       used 56367K, committed 57280K, reserved 1114112K
  class space    used 6972K, committed 7360K, reserved 1048576K
}
Event: 8517.269 GC heap after
{Heap after GC invocations=568 (full 530):
 garbage-first heap   total 126976K, used 43249K [0x00000000c0000000, 0x0000000100000000)
  region size 1024K, 0 young (0K), 0 survivors (0K)
 Metaspace       used 56367K, committed 57280K, reserved 1114112K
  class space    used 6972K, committed 7360K, reserved 1048576K
}
Event: 8527.560 GC heap before
{Heap before GC invocations=568 (full 530):
 garbage-first heap   total 126976K, used 43249K [0x00000000c0000000, 0x0000000100000000)
  region size 1024K, 1 young (1024K), 0 survivors (0K)
 Metaspace       used 56367K, committed 57280K, reserved 1114112K
  class space    used 6972K, committed 7360K, reserved 1048576K
}
Event: 8527.647 GC heap after
{Heap after GC invocations=569 (full 531):
 garbage-first heap   total 126976K, used 43249K [0x00000000c0000000, 0x0000000100000000)
  region size 1024K, 0 young (0K), 0 survivors (0K)
 Metaspace       used 56367K, committed 57280K, reserved 1114112K
  class space    used 6972K, committed 7360K, reserved 1048576K
}
Event: 8538.037 GC heap before
{Heap before GC invocations=569 (full 531):
 garbage-first heap   total 126976K, used 43249K [0x00000000c0000000, 0x0000000100000000)
  region size 1024K, 1 young (1024K), 0 survivors (0K)
 Metaspace       used 56367K, committed 57280K, reserved 1114112K
  class space    used 6972K, committed 7360K, reserved 1048576K
}
Event: 8538.127 GC heap after
{Heap after GC invocations=570 (full 532):
 garbage-first heap   total 126976K, used 43249K [0x00000000c0000000, 0x0000000100000000)
  region size 1024K, 0 young (0K), 0 survivors (0K)
 Metaspace       used 56367K, committed 57280K, reserved 1114112K
  class space    used 6972K, committed 7360K, reserved 1048576K
}
Event: 8548.578 GC heap before
{Heap before GC invocations=570 (full 532):
 garbage-first heap   total 126976K, used 43249K [0x00000000c0000000, 0x0000000100000000)
  region size 1024K, 1 young (1024K), 0 survivors (0K)
 Metaspace       used 56367K, committed 57280K, reserved 1114112K
  class space    used 6972K, committed 7360K, reserved 1048576K
}
Event: 8548.656 GC heap after
{Heap after GC invocations=571 (full 533):
 garbage-first heap   total 126976K, used 43249K [0x00000000c0000000, 0x0000000100000000)
  region size 1024K, 0 young (0K), 0 survivors (0K)
 Metaspace       used 56367K, committed 57280K, reserved 1114112K
  class space    used 6972K, committed 7360K, reserved 1048576K
}
Event: 8558.963 GC heap before
{Heap before GC invocations=571 (full 533):
 garbage-first heap   total 126976K, used 43249K [0x00000000c0000000, 0x0000000100000000)
  region size 1024K, 1 young (1024K), 0 survivors (0K)
 Metaspace       used 56367K, committed 57280K, reserved 1114112K
  class space    used 6972K, committed 7360K, reserved 1048576K
}
Event: 8559.031 GC heap after
{Heap after GC invocations=572 (full 534):
 garbage-first heap   total 126976K, used 43249K [0x00000000c0000000, 0x0000000100000000)
  region size 1024K, 0 young (0K), 0 survivors (0K)
 Metaspace       used 56367K, committed 57280K, reserved 1114112K
  class space    used 6972K, committed 7360K, reserved 1048576K
}
Event: 8569.363 GC heap before
{Heap before GC invocations=572 (full 534):
 garbage-first heap   total 126976K, used 43249K [0x00000000c0000000, 0x0000000100000000)
  region size 1024K, 1 young (1024K), 0 survivors (0K)
 Metaspace       used 56367K, committed 57280K, reserved 1114112K
  class space    used 6972K, committed 7360K, reserved 1048576K
}
Event: 8569.449 GC heap after
{Heap after GC invocations=573 (full 535):
 garbage-first heap   total 126976K, used 43249K [0x00000000c0000000, 0x0000000100000000)
  region size 1024K, 0 young (0K), 0 survivors (0K)
 Metaspace       used 56367K, committed 57280K, reserved 1114112K
  class space    used 6972K, committed 7360K, reserved 1048576K
}
Event: 8579.714 GC heap before
{Heap before GC invocations=573 (full 535):
 garbage-first heap   total 126976K, used 43249K [0x00000000c0000000, 0x0000000100000000)
  region size 1024K, 1 young (1024K), 0 survivors (0K)
 Metaspace       used 56367K, committed 57280K, reserved 1114112K
  class space    used 6972K, committed 7360K, reserved 1048576K
}
Event: 8579.805 GC heap after
{Heap after GC invocations=574 (full 536):
 garbage-first heap   total 126976K, used 43249K [0x00000000c0000000, 0x0000000100000000)
  region size 1024K, 0 young (0K), 0 survivors (0K)
 Metaspace       used 56367K, committed 57280K, reserved 1114112K
  class space    used 6972K, committed 7360K, reserved 1048576K
}
Event: 8590.097 GC heap before
{Heap before GC invocations=574 (full 536):
 garbage-first heap   total 126976K, used 43249K [0x00000000c0000000, 0x0000000100000000)
  region size 1024K, 1 young (1024K), 0 survivors (0K)
 Metaspace       used 56367K, committed 57280K, reserved 1114112K
  class space    used 6972K, committed 7360K, reserved 1048576K
}
Event: 8590.182 GC heap after
{Heap after GC invocations=575 (full 537):
 garbage-first heap   total 126976K, used 43249K [0x00000000c0000000, 0x0000000100000000)
  region size 1024K, 0 young (0K), 0 survivors (0K)
 Metaspace       used 56367K, committed 57280K, reserved 1114112K
  class space    used 6972K, committed 7360K, reserved 1048576K
}
Event: 8604.541 GC heap before
{Heap before GC invocations=575 (full 537):
 garbage-first heap   total 126976K, used 43249K [0x00000000c0000000, 0x0000000100000000)
  region size 1024K, 1 young (1024K), 0 survivors (0K)
 Metaspace       used 56367K, committed 57280K, reserved 1114112K
  class space    used 6972K, committed 7360K, reserved 1048576K
}

